<?xml version="1.0" encoding="UTF-8"?>
<coverage generated="1749464470684" clover="3.2.0">
  <project timestamp="1749464470685" name="All files">
    <metrics statements="22" coveredstatements="2" conditionals="14" coveredconditionals="0" methods="8" coveredmethods="0" elements="44" coveredelements="2" complexity="0" loc="22" ncloc="22" packages="1" files="1" classes="1"/>
    <file name="ReviewForm.tsx" path="C:\Users\Amalitech\Desktop\projects\movie-app\src\components\ReviewForm.tsx">
      <metrics statements="22" coveredstatements="2" conditionals="14" coveredconditionals="0" methods="8" coveredmethods="0"/>
      <line num="15" count="1" type="stmt"/>
      <line num="17" count="1" type="stmt"/>
      <line num="18" count="0" type="stmt"/>
      <line num="19" count="0" type="stmt"/>
      <line num="20" count="0" type="stmt"/>
      <line num="21" count="0" type="stmt"/>
      <line num="23" count="0" type="stmt"/>
      <line num="24" count="0" type="stmt"/>
      <line num="26" count="0" type="cond" truecount="0" falsecount="6"/>
      <line num="28" count="0" type="stmt"/>
      <line num="34" count="0" type="stmt"/>
      <line num="35" count="0" type="stmt"/>
      <line num="36" count="0" type="stmt"/>
      <line num="37" count="0" type="stmt"/>
      <line num="40" count="0" type="stmt"/>
      <line num="48" count="0" type="stmt"/>
      <line num="56" count="0" type="stmt"/>
      <line num="57" count="0" type="stmt"/>
      <line num="62" count="0" type="stmt"/>
      <line num="63" count="0" type="stmt"/>
      <line num="64" count="0" type="stmt"/>
      <line num="84" count="0" type="stmt"/>
    </file>
  </project>
</coverage>
