{"C:\\Users\\Amalitech\\Desktop\\projects\\movie-app\\src\\components\\ReviewForm.tsx": {"path":"C:\\Users\\Amalitech\\Desktop\\projects\\movie-app\\src\\components\\ReviewForm.tsx","statementMap":{"0":{"start":{"line":15,"column":19},"end":{"line":15,"column":20}},"1":{"start":{"line":17,"column":26},"end":{"line":100,"column":1}},"2":{"start":{"line":18,"column":26},"end":{"line":18,"column":38}},"3":{"start":{"line":19,"column":30},"end":{"line":19,"column":41}},"4":{"start":{"line":20,"column":40},"end":{"line":20,"column":51}},"5":{"start":{"line":21,"column":32},"end":{"line":21,"column":44}},"6":{"start":{"line":23,"column":23},"end":{"line":38,"column":3}},"7":{"start":{"line":24,"column":4},"end":{"line":24,"column":23}},"8":{"start":{"line":26,"column":4},"end":{"line":26,"column":85}},"9":{"start":{"line":26,"column":78},"end":{"line":26,"column":85}},"10":{"start":{"line":28,"column":4},"end":{"line":32,"column":7}},"11":{"start":{"line":34,"column":4},"end":{"line":34,"column":16}},"12":{"start":{"line":35,"column":4},"end":{"line":35,"column":17}},"13":{"start":{"line":36,"column":4},"end":{"line":36,"column":19}},"14":{"start":{"line":37,"column":4},"end":{"line":37,"column":22}},"15":{"start":{"line":40,"column":2},"end":{"line":99,"column":4}},"16":{"start":{"line":48,"column":25},"end":{"line":48,"column":48}},"17":{"start":{"line":56,"column":28},"end":{"line":56,"column":33}},"18":{"start":{"line":57,"column":10},"end":{"line":77,"column":12}},"19":{"start":{"line":62,"column":29},"end":{"line":62,"column":49}},"20":{"start":{"line":63,"column":34},"end":{"line":63,"column":59}},"21":{"start":{"line":64,"column":34},"end":{"line":64,"column":51}},"22":{"start":{"line":84,"column":25},"end":{"line":84,"column":51}}},"fnMap":{"0":{"name":"(anonymous_0)","decl":{"start":{"line":17,"column":26},"end":{"line":17,"column":27}},"loc":{"start":{"line":17,"column":73},"end":{"line":100,"column":1}},"line":17},"1":{"name":"(anonymous_1)","decl":{"start":{"line":23,"column":23},"end":{"line":23,"column":24}},"loc":{"start":{"line":23,"column":53},"end":{"line":38,"column":3}},"line":23},"2":{"name":"(anonymous_2)","decl":{"start":{"line":48,"column":18},"end":{"line":48,"column":19}},"loc":{"start":{"line":48,"column":25},"end":{"line":48,"column":48}},"line":48},"3":{"name":"(anonymous_3)","decl":{"start":{"line":55,"column":36},"end":{"line":55,"column":37}},"loc":{"start":{"line":55,"column":46},"end":{"line":78,"column":9}},"line":55},"4":{"name":"(anonymous_4)","decl":{"start":{"line":62,"column":23},"end":{"line":62,"column":24}},"loc":{"start":{"line":62,"column":29},"end":{"line":62,"column":49}},"line":62},"5":{"name":"(anonymous_5)","decl":{"start":{"line":63,"column":28},"end":{"line":63,"column":29}},"loc":{"start":{"line":63,"column":34},"end":{"line":63,"column":59}},"line":63},"6":{"name":"(anonymous_6)","decl":{"start":{"line":64,"column":28},"end":{"line":64,"column":29}},"loc":{"start":{"line":64,"column":34},"end":{"line":64,"column":51}},"line":64},"7":{"name":"(anonymous_7)","decl":{"start":{"line":84,"column":18},"end":{"line":84,"column":19}},"loc":{"start":{"line":84,"column":25},"end":{"line":84,"column":51}},"line":84}},"branchMap":{"0":{"loc":{"start":{"line":26,"column":4},"end":{"line":26,"column":85}},"type":"if","locations":[{"start":{"line":26,"column":4},"end":{"line":26,"column":85}},{"start":{},"end":{}}],"line":26},"1":{"loc":{"start":{"line":26,"column":8},"end":{"line":26,"column":76}},"type":"binary-expr","locations":[{"start":{"line":26,"column":8},"end":{"line":26,"column":20}},{"start":{"line":26,"column":24},"end":{"line":26,"column":39}},{"start":{"line":26,"column":43},"end":{"line":26,"column":53}},{"start":{"line":26,"column":57},"end":{"line":26,"column":76}}],"line":26},"2":{"loc":{"start":{"line":65,"column":46},"end":{"line":65,"column":70}},"type":"cond-expr","locations":[{"start":{"line":65,"column":62},"end":{"line":65,"column":65}},{"start":{"line":65,"column":68},"end":{"line":65,"column":70}}],"line":65},"3":{"loc":{"start":{"line":71,"column":18},"end":{"line":73,"column":37}},"type":"cond-expr","locations":[{"start":{"line":72,"column":22},"end":{"line":72,"column":39}},{"start":{"line":73,"column":22},"end":{"line":73,"column":37}}],"line":71},"4":{"loc":{"start":{"line":71,"column":32},"end":{"line":71,"column":53}},"type":"binary-expr","locations":[{"start":{"line":71,"column":32},"end":{"line":71,"column":43}},{"start":{"line":71,"column":47},"end":{"line":71,"column":53}}],"line":71},"5":{"loc":{"start":{"line":96,"column":9},"end":{"line":96,"column":55}},"type":"cond-expr","locations":[{"start":{"line":96,"column":22},"end":{"line":96,"column":37}},{"start":{"line":96,"column":40},"end":{"line":96,"column":55}}],"line":96}},"s":{"0":1,"1":1,"2":0,"3":0,"4":0,"5":0,"6":0,"7":0,"8":0,"9":0,"10":0,"11":0,"12":0,"13":0,"14":0,"15":0,"16":0,"17":0,"18":0,"19":0,"20":0,"21":0,"22":0},"f":{"0":0,"1":0,"2":0,"3":0,"4":0,"5":0,"6":0,"7":0},"b":{"0":[0,0],"1":[0,0,0,0],"2":[0,0],"3":[0,0],"4":[0,0],"5":[0,0]},"_coverageSchema":"1a1c01bbd47fc00a2c39e90264f33305004495a9","hash":"afa15a12dbc14d72b929d1ac3be4363a9b2ef203"}
}
