TN:
SF:src\components\ReviewForm.tsx
FN:17,(anonymous_0)
FN:23,(anonymous_1)
FN:48,(anonymous_2)
FN:55,(anonymous_3)
FN:62,(anonymous_4)
FN:63,(anonymous_5)
FN:64,(anonymous_6)
FN:84,(anonymous_7)
FNF:8
FNH:0
FNDA:0,(anonymous_0)
FNDA:0,(anonymous_1)
FNDA:0,(anonymous_2)
FNDA:0,(anonymous_3)
FNDA:0,(anonymous_4)
FNDA:0,(anonymous_5)
FNDA:0,(anonymous_6)
FNDA:0,(anonymous_7)
DA:15,1
DA:17,1
DA:18,0
DA:19,0
DA:20,0
DA:21,0
DA:23,0
DA:24,0
DA:26,0
DA:28,0
DA:34,0
DA:35,0
DA:36,0
DA:37,0
DA:40,0
DA:48,0
DA:56,0
DA:57,0
DA:62,0
DA:63,0
DA:64,0
DA:84,0
LF:22
LH:2
BRDA:26,0,0,0
BRDA:26,0,1,0
BRDA:26,1,0,0
BRDA:26,1,1,0
BRDA:26,1,2,0
BRDA:26,1,3,0
BRDA:65,2,0,0
BRDA:65,2,1,0
BRDA:71,3,0,0
BRDA:71,3,1,0
BRDA:71,4,0,0
BRDA:71,4,1,0
BRDA:96,5,0,0
BRDA:96,5,1,0
BRF:14
BRH:0
end_of_record
